<?xml version="1.0" encoding="UTF-8"?>
<testng-results ignored="0" total="12" passed="10" failed="2" skipped="0">
  <reporter-output>
  </reporter-output>
  <suite started-at="2024-12-30T16:34:19 IST" name="Suite" finished-at="2024-12-30T16:36:46 IST" duration-ms="146984">
    <groups>
    </groups>
    <test started-at="2024-12-30T16:34:19 IST" name="Test" finished-at="2024-12-30T16:36:46 IST" duration-ms="146984">
      <class name="testCases.TC101_SignUpTest">
        <test-method is-config="true" signature="setup(java.lang.String,java.lang.String)[pri:0, instance:testCases.TC101_SignUpTest@2b4c1d96]" started-at="2024-12-30T16:34:19 IST" name="setup" finished-at="2024-12-30T16:34:24 IST" duration-ms="4942" status="PASS">
          <params>
            <param index="0">
              <value>
                <![CDATA[Windows]]>
              </value>
            </param>
            <param index="1">
              <value>
                <![CDATA[chrome]]>
              </value>
            </param>
          </params>
          <reporter-output>
          </reporter-output>
        </test-method> <!-- setup -->
        <test-method signature="testSignUpRedirection()[pri:0, instance:testCases.TC101_SignUpTest@2b4c1d96]" started-at="2024-12-30T16:34:24 IST" name="testSignUpRedirection" finished-at="2024-12-30T16:34:28 IST" duration-ms="4097" status="PASS">
          <reporter-output>
          </reporter-output>
        </test-method> <!-- testSignUpRedirection -->
        <test-method is-config="true" signature="teardown()[pri:0, instance:testCases.TC101_SignUpTest@2b4c1d96]" started-at="2024-12-30T16:34:28 IST" name="teardown" finished-at="2024-12-30T16:34:29 IST" duration-ms="689" status="PASS">
          <reporter-output>
          </reporter-output>
        </test-method> <!-- teardown -->
      </class> <!-- testCases.TC101_SignUpTest -->
      <class name="testCases.TC105_ContactEditingTest">
        <test-method is-config="true" signature="setup(java.lang.String,java.lang.String)[pri:0, instance:testCases.TC105_ContactEditingTest@35229f85]" started-at="2024-12-30T16:35:42 IST" name="setup" finished-at="2024-12-30T16:35:46 IST" duration-ms="3750" status="PASS">
          <params>
            <param index="0">
              <value>
                <![CDATA[Windows]]>
              </value>
            </param>
            <param index="1">
              <value>
                <![CDATA[chrome]]>
              </value>
            </param>
          </params>
          <reporter-output>
          </reporter-output>
        </test-method> <!-- setup -->
        <test-method signature="testContactsEditing()[pri:0, instance:testCases.TC105_ContactEditingTest@35229f85]" started-at="2024-12-30T16:35:46 IST" name="testContactsEditing" finished-at="2024-12-30T16:36:06 IST" duration-ms="19677" status="PASS">
          <reporter-output>
          </reporter-output>
        </test-method> <!-- testContactsEditing -->
        <test-method signature="TestEmptyfields()[pri:2, instance:testCases.TC105_ContactEditingTest@35229f85]" started-at="2024-12-30T16:36:06 IST" name="TestEmptyfields" finished-at="2024-12-30T16:36:16 IST" duration-ms="9725" status="PASS">
          <reporter-output>
          </reporter-output>
        </test-method> <!-- TestEmptyfields -->
        <test-method is-config="true" signature="teardown()[pri:0, instance:testCases.TC105_ContactEditingTest@35229f85]" started-at="2024-12-30T16:36:16 IST" name="teardown" finished-at="2024-12-30T16:36:16 IST" duration-ms="559" status="PASS">
          <reporter-output>
          </reporter-output>
        </test-method> <!-- teardown -->
      </class> <!-- testCases.TC105_ContactEditingTest -->
      <class name="testCases.TC102_LoginTest">
        <test-method is-config="true" signature="setup(java.lang.String,java.lang.String)[pri:0, instance:testCases.TC102_LoginTest@126945f9]" started-at="2024-12-30T16:34:29 IST" name="setup" finished-at="2024-12-30T16:34:33 IST" duration-ms="3945" status="PASS">
          <params>
            <param index="0">
              <value>
                <![CDATA[Windows]]>
              </value>
            </param>
            <param index="1">
              <value>
                <![CDATA[chrome]]>
              </value>
            </param>
          </params>
          <reporter-output>
          </reporter-output>
        </test-method> <!-- setup -->
        <test-method signature="testValidLoginPage()[pri:1, instance:testCases.TC102_LoginTest@126945f9]" started-at="2024-12-30T16:34:33 IST" name="testValidLoginPage" finished-at="2024-12-30T16:34:40 IST" duration-ms="7113" status="PASS">
          <reporter-output>
          </reporter-output>
        </test-method> <!-- testValidLoginPage -->
        <test-method signature="testInvalidLogin()[pri:2, instance:testCases.TC102_LoginTest@126945f9]" started-at="2024-12-30T16:34:40 IST" name="testInvalidLogin" finished-at="2024-12-30T16:34:43 IST" duration-ms="3276" status="PASS">
          <reporter-output>
          </reporter-output>
        </test-method> <!-- testInvalidLogin -->
        <test-method is-config="true" signature="teardown()[pri:0, instance:testCases.TC102_LoginTest@126945f9]" started-at="2024-12-30T16:34:43 IST" name="teardown" finished-at="2024-12-30T16:34:44 IST" duration-ms="1011" status="PASS">
          <reporter-output>
          </reporter-output>
        </test-method> <!-- teardown -->
      </class> <!-- testCases.TC102_LoginTest -->
      <class name="testCases.TC104_ContactsDisplayTest">
        <test-method is-config="true" signature="setup(java.lang.String,java.lang.String)[pri:0, instance:testCases.TC104_ContactsDisplayTest@16c63f5]" started-at="2024-12-30T16:35:21 IST" name="setup" finished-at="2024-12-30T16:35:25 IST" duration-ms="3746" status="PASS">
          <params>
            <param index="0">
              <value>
                <![CDATA[Windows]]>
              </value>
            </param>
            <param index="1">
              <value>
                <![CDATA[chrome]]>
              </value>
            </param>
          </params>
          <reporter-output>
          </reporter-output>
        </test-method> <!-- setup -->
        <test-method signature="testContactsAlphabeticalOrder()[pri:1, instance:testCases.TC104_ContactsDisplayTest@16c63f5]" started-at="2024-12-30T16:35:25 IST" name="testContactsAlphabeticalOrder" finished-at="2024-12-30T16:35:39 IST" duration-ms="13589" status="PASS">
          <reporter-output>
          </reporter-output>
        </test-method> <!-- testContactsAlphabeticalOrder -->
        <test-method signature="testPhonenumberwithExtension()[pri:2, instance:testCases.TC104_ContactsDisplayTest@16c63f5]" started-at="2024-12-30T16:35:39 IST" name="testPhonenumberwithExtension" finished-at="2024-12-30T16:35:42 IST" duration-ms="3058" status="FAIL">
          <exception class="java.lang.AssertionError">
            <message>
              <![CDATA[phone numbers doesn't have extensions expected [true] but found [false]]]>
            </message>
            <full-stacktrace>
              <![CDATA[java.lang.AssertionError: phone numbers doesn't have extensions expected [true] but found [false]
at org.testng.Assert.fail(Assert.java:111)
at org.testng.Assert.failNotEquals(Assert.java:1578)
at org.testng.Assert.assertTrue(Assert.java:57)
at testCases.TC104_ContactsDisplayTest.testPhonenumberwithExtension(TC104_ContactsDisplayTest.java:40)
at java.base/jdk.internal.reflect.DirectMethodHandleAccessor.invoke(DirectMethodHandleAccessor.java:103)
at java.base/java.lang.reflect.Method.invoke(Method.java:580)
at org.testng.internal.invokers.MethodInvocationHelper.invokeMethod(MethodInvocationHelper.java:141)
at org.testng.internal.invokers.TestInvoker.invokeMethod(TestInvoker.java:686)
at org.testng.internal.invokers.TestInvoker.invokeTestMethod(TestInvoker.java:230)
at org.testng.internal.invokers.MethodRunner.runInSequence(MethodRunner.java:63)
at org.testng.internal.invokers.TestInvoker$MethodInvocationAgent.invoke(TestInvoker.java:992)
at org.testng.internal.invokers.TestInvoker.invokeTestMethods(TestInvoker.java:203)
at org.testng.internal.invokers.TestMethodWorker.invokeTestMethods(TestMethodWorker.java:154)
at org.testng.internal.invokers.TestMethodWorker.run(TestMethodWorker.java:134)
at java.base/java.util.ArrayList.forEach(ArrayList.java:1597)
at org.testng.TestRunner.privateRun(TestRunner.java:739)
at org.testng.TestRunner.run(TestRunner.java:614)
at org.testng.SuiteRunner.runTest(SuiteRunner.java:421)
at org.testng.SuiteRunner.runSequentially(SuiteRunner.java:413)
at org.testng.SuiteRunner.privateRun(SuiteRunner.java:373)
at org.testng.SuiteRunner.run(SuiteRunner.java:312)
at org.testng.SuiteRunnerWorker.runSuite(SuiteRunnerWorker.java:52)
at org.testng.SuiteRunnerWorker.run(SuiteRunnerWorker.java:95)
at org.testng.TestNG.runSuitesSequentially(TestNG.java:1274)
at org.testng.TestNG.runSuitesLocally(TestNG.java:1208)
at org.testng.TestNG.runSuites(TestNG.java:1112)
at org.testng.TestNG.run(TestNG.java:1079)
at org.testng.remote.AbstractRemoteTestNG.run(AbstractRemoteTestNG.java:115)
at org.testng.remote.RemoteTestNG.initAndRun(RemoteTestNG.java:293)
at org.testng.remote.RemoteTestNG.main(RemoteTestNG.java:91)
]]>
            </full-stacktrace>
          </exception> <!-- java.lang.AssertionError -->
          <reporter-output>
          </reporter-output>
        </test-method> <!-- testPhonenumberwithExtension -->
        <test-method is-config="true" signature="teardown()[pri:0, instance:testCases.TC104_ContactsDisplayTest@16c63f5]" started-at="2024-12-30T16:35:42 IST" name="teardown" finished-at="2024-12-30T16:35:42 IST" duration-ms="616" status="PASS">
          <reporter-output>
          </reporter-output>
        </test-method> <!-- teardown -->
      </class> <!-- testCases.TC104_ContactsDisplayTest -->
      <class name="testCases.TC103_ContactAdditionTest">
        <test-method is-config="true" signature="setup(java.lang.String,java.lang.String)[pri:0, instance:testCases.TC103_ContactAdditionTest@2a898881]" started-at="2024-12-30T16:34:44 IST" name="setup" finished-at="2024-12-30T16:34:51 IST" duration-ms="7034" status="PASS">
          <params>
            <param index="0">
              <value>
                <![CDATA[Windows]]>
              </value>
            </param>
            <param index="1">
              <value>
                <![CDATA[chrome]]>
              </value>
            </param>
          </params>
          <reporter-output>
          </reporter-output>
        </test-method> <!-- setup -->
        <test-method signature="testContactListMandatoryfileds()[pri:1, instance:testCases.TC103_ContactAdditionTest@2a898881]" started-at="2024-12-30T16:34:51 IST" name="testContactListMandatoryfileds" finished-at="2024-12-30T16:35:03 IST" duration-ms="11626" status="PASS">
          <reporter-output>
          </reporter-output>
        </test-method> <!-- testContactListMandatoryfileds -->
        <test-method signature="testContactListoptionalfileds()[pri:2, instance:testCases.TC103_ContactAdditionTest@2a898881]" started-at="2024-12-30T16:35:03 IST" name="testContactListoptionalfileds" finished-at="2024-12-30T16:35:09 IST" duration-ms="6767" status="PASS">
          <reporter-output>
          </reporter-output>
        </test-method> <!-- testContactListoptionalfileds -->
        <test-method signature="duplicateContactList()[pri:3, instance:testCases.TC103_ContactAdditionTest@2a898881]" started-at="2024-12-30T16:35:09 IST" name="duplicateContactList" finished-at="2024-12-30T16:35:20 IST" duration-ms="11140" status="FAIL">
          <exception class="java.lang.AssertionError">
            <message>
              <![CDATA[Expected error message for duplicate contact, but got:  expected [true] but found [false]]]>
            </message>
            <full-stacktrace>
              <![CDATA[java.lang.AssertionError: Expected error message for duplicate contact, but got:  expected [true] but found [false]
at org.testng.Assert.fail(Assert.java:111)
at org.testng.Assert.failNotEquals(Assert.java:1578)
at org.testng.Assert.assertTrue(Assert.java:57)
at testCases.TC103_ContactAdditionTest.duplicateContactList(TC103_ContactAdditionTest.java:97)
at java.base/jdk.internal.reflect.DirectMethodHandleAccessor.invoke(DirectMethodHandleAccessor.java:103)
at java.base/java.lang.reflect.Method.invoke(Method.java:580)
at org.testng.internal.invokers.MethodInvocationHelper.invokeMethod(MethodInvocationHelper.java:141)
at org.testng.internal.invokers.TestInvoker.invokeMethod(TestInvoker.java:686)
at org.testng.internal.invokers.TestInvoker.invokeTestMethod(TestInvoker.java:230)
at org.testng.internal.invokers.MethodRunner.runInSequence(MethodRunner.java:63)
at org.testng.internal.invokers.TestInvoker$MethodInvocationAgent.invoke(TestInvoker.java:992)
at org.testng.internal.invokers.TestInvoker.invokeTestMethods(TestInvoker.java:203)
at org.testng.internal.invokers.TestMethodWorker.invokeTestMethods(TestMethodWorker.java:154)
at org.testng.internal.invokers.TestMethodWorker.run(TestMethodWorker.java:134)
at java.base/java.util.ArrayList.forEach(ArrayList.java:1597)
at org.testng.TestRunner.privateRun(TestRunner.java:739)
at org.testng.TestRunner.run(TestRunner.java:614)
at org.testng.SuiteRunner.runTest(SuiteRunner.java:421)
at org.testng.SuiteRunner.runSequentially(SuiteRunner.java:413)
at org.testng.SuiteRunner.privateRun(SuiteRunner.java:373)
at org.testng.SuiteRunner.run(SuiteRunner.java:312)
at org.testng.SuiteRunnerWorker.runSuite(SuiteRunnerWorker.java:52)
at org.testng.SuiteRunnerWorker.run(SuiteRunnerWorker.java:95)
at org.testng.TestNG.runSuitesSequentially(TestNG.java:1274)
at org.testng.TestNG.runSuitesLocally(TestNG.java:1208)
at org.testng.TestNG.runSuites(TestNG.java:1112)
at org.testng.TestNG.run(TestNG.java:1079)
at org.testng.remote.AbstractRemoteTestNG.run(AbstractRemoteTestNG.java:115)
at org.testng.remote.RemoteTestNG.initAndRun(RemoteTestNG.java:293)
at org.testng.remote.RemoteTestNG.main(RemoteTestNG.java:91)
]]>
            </full-stacktrace>
          </exception> <!-- java.lang.AssertionError -->
          <reporter-output>
          </reporter-output>
        </test-method> <!-- duplicateContactList -->
        <test-method is-config="true" signature="teardown()[pri:0, instance:testCases.TC103_ContactAdditionTest@2a898881]" started-at="2024-12-30T16:35:21 IST" name="teardown" finished-at="2024-12-30T16:35:21 IST" duration-ms="683" status="PASS">
          <reporter-output>
          </reporter-output>
        </test-method> <!-- teardown -->
      </class> <!-- testCases.TC103_ContactAdditionTest -->
      <class name="testCases.TC107_LogoutTest">
        <test-method is-config="true" signature="setup(java.lang.String,java.lang.String)[pri:0, instance:testCases.TC107_LogoutTest@b1712f3]" started-at="2024-12-30T16:36:34 IST" name="setup" finished-at="2024-12-30T16:36:38 IST" duration-ms="3917" status="PASS">
          <params>
            <param index="0">
              <value>
                <![CDATA[Windows]]>
              </value>
            </param>
            <param index="1">
              <value>
                <![CDATA[chrome]]>
              </value>
            </param>
          </params>
          <reporter-output>
          </reporter-output>
        </test-method> <!-- setup -->
        <test-method signature="testLogout()[pri:0, instance:testCases.TC107_LogoutTest@b1712f3]" started-at="2024-12-30T16:36:38 IST" name="testLogout" finished-at="2024-12-30T16:36:45 IST" duration-ms="6863" status="PASS">
          <reporter-output>
          </reporter-output>
        </test-method> <!-- testLogout -->
        <test-method is-config="true" signature="teardown()[pri:0, instance:testCases.TC107_LogoutTest@b1712f3]" started-at="2024-12-30T16:36:45 IST" name="teardown" finished-at="2024-12-30T16:36:46 IST" duration-ms="564" status="PASS">
          <reporter-output>
          </reporter-output>
        </test-method> <!-- teardown -->
      </class> <!-- testCases.TC107_LogoutTest -->
      <class name="testCases.TC106_ContactDeleteTest">
        <test-method is-config="true" signature="setup(java.lang.String,java.lang.String)[pri:0, instance:testCases.TC106_ContactDeleteTest@6d3c5255]" started-at="2024-12-30T16:36:16 IST" name="setup" finished-at="2024-12-30T16:36:21 IST" duration-ms="4675" status="PASS">
          <params>
            <param index="0">
              <value>
                <![CDATA[Windows]]>
              </value>
            </param>
            <param index="1">
              <value>
                <![CDATA[chrome]]>
              </value>
            </param>
          </params>
          <reporter-output>
          </reporter-output>
        </test-method> <!-- setup -->
        <test-method signature="testContactDelete()[pri:0, instance:testCases.TC106_ContactDeleteTest@6d3c5255]" started-at="2024-12-30T16:36:21 IST" name="testContactDelete" finished-at="2024-12-30T16:36:34 IST" duration-ms="12956" status="PASS">
          <reporter-output>
          </reporter-output>
        </test-method> <!-- testContactDelete -->
        <test-method is-config="true" signature="teardown()[pri:0, instance:testCases.TC106_ContactDeleteTest@6d3c5255]" started-at="2024-12-30T16:36:34 IST" name="teardown" finished-at="2024-12-30T16:36:34 IST" duration-ms="489" status="PASS">
          <reporter-output>
          </reporter-output>
        </test-method> <!-- teardown -->
      </class> <!-- testCases.TC106_ContactDeleteTest -->
    </test> <!-- Test -->
  </suite> <!-- Suite -->
</testng-results>
